<?xml version="1.0" encoding="UTF-8"?>
<!-- Generated by org.testng.reporters.JUnitReportReporter -->
<testsuite hostname="bd8d718cbda7" failures="0" tests="1" name="org.stockwell.tests.LoginTest" time="30.739" errors="0" timestamp="2024-07-12T08:25:00 UTC" skipped="0">
  <testcase classname="org.stockwell.tests.LoginTest" name="verifyLoginPageAsSuperUser" time="30.739"/>
  <system-out/>
</testsuite> <!-- org.stockwell.tests.LoginTest -->
