<?xml version="1.0" encoding="UTF-8"?>
<!-- Generated by org.testng.reporters.JUnitReportReporter -->
<testsuite hostname="NIBLP1583" failures="0" tests="1" name="org.stockwell.tests.LoginTest" time="21.472" errors="0" timestamp="2024-12-18T15:46:07 IST" skipped="0">
  <testcase classname="org.stockwell.tests.LoginTest" name="verifyLoginPageAsSuperUser" time="21.472"/>
  <system-out/>
</testsuite> <!-- org.stockwell.tests.LoginTest -->
