<?xml version="1.0" encoding="UTF-8"?>
<!-- Generated by org.testng.reporters.JUnitReportReporter -->
<testsuite hostname="NIBC2721" failures="0" tests="1" name="at.smartshop.tests.LoginTest" time="10.973" errors="0" timestamp="2024-06-14T17:25:50 IST" skipped="0">
  <testcase classname="at.smartshop.tests.LoginTest" name="verifyLoginPageAsSuperUser" time="10.973"/>
  <system-out/>
</testsuite> <!-- at.smartshop.tests.LoginTest -->
