<?xml version="1.0" encoding="UTF-8"?>
<!-- Generated by org.testng.reporters.JUnitReportReporter -->
<testsuite hostname="NIBLM127.local" failures="0" tests="1" name="org.stockwell.tests.LoginTest" time="12.233" errors="0" timestamp="2024-07-30T13:27:41 IST" skipped="0">
  <testcase classname="org.stockwell.tests.LoginTest" name="verifyLoginPageAsSuperUser" time="12.233"/>
  <system-out/>
</testsuite> <!-- org.stockwell.tests.LoginTest -->
