<?xml version="1.0" encoding="UTF-8"?>
<!-- Generated by org.testng.reporters.JUnitReportReporter -->
<testsuite hostname="NIBC2721" failures="0" tests="1" name="org.stockwell.tests.LoginTest" time="12.863" errors="0" timestamp="2024-06-14T17:59:08 IST" skipped="0">
  <testcase classname="org.stockwell.tests.LoginTest" name="verifyLoginPageAsSuperUser" time="12.863"/>
  <system-out/>
</testsuite> <!-- org.stockwell.tests.LoginTest -->
